<?xml version="1.0" encoding="UTF-8"?>
<!-- Generated by org.testng.reporters.JUnitReportReporter -->
<testsuite hostname="RavikumarPC" failures="0" tests="1" name="ravikumaracademy.ExtentReports.ExtentReportDemo" time="4.764" errors="0" timestamp="2023-02-02T21:59:47 IST" skipped="0">
  <testcase classname="ravikumaracademy.ExtentReports.ExtentReportDemo" name="initializeBrowser" time="4.764"/>
  <system-out/>
</testsuite> <!-- ravikumaracademy.ExtentReports.ExtentReportDemo -->
